
module.js:340
    throw err;
    ^
Error: Cannot find module '../utils/dns'
    at Function.Module._resolveFilename (module.js:338:15)
    at Function.Module._load (module.js:280:25)
    at Module.require (module.js:364:17)
    at require (module.js:380:17)
    at Object.<anonymous> (/Users/dongcai/Desktop/BallSirProject/BallSirApiSer/NodeForBallSir/dao/mongodb.js:5:7)
    at Module._compile (module.js:456:26)
    at Object.Module._extensions..js (module.js:474:10)
    at Module.load (module.js:356:32)
    at Function.Module._load (module.js:312:12)
    at Module.require (module.js:364:17)

/Users/dongcai/Desktop/BallSirProject/BallSirApiSer/NodeForBallSir/utils/log.js:33
    names = folder.split(_getFileSplit());
                   ^
RangeError: Maximum call stack size exceeded

/Users/dongcai/Desktop/BallSirProject/BallSirApiSer/NodeForBallSir/dao/mongodb.js:29
mongoLogger = (require('../utils/log')).getLogger({
                                        ^
TypeError: Object #<Object> has no method 'getLogger'
    at Object.<anonymous> (/Users/dongcai/Desktop/BallSirProject/BallSirApiSer/NodeForBallSir/dao/mongodb.js:29:41)
    at Module._compile (module.js:456:26)
    at Object.Module._extensions..js (module.js:474:10)
    at Module.load (module.js:356:32)
    at Function.Module._load (module.js:312:12)
    at Module.require (module.js:364:17)
    at require (module.js:380:17)
    at Object.<anonymous> (/Users/dongcai/Desktop/BallSirProject/BallSirApiSer/NodeForBallSir/ballSirSay.js:2:15)
    at Module._compile (module.js:456:26)
    at Object.Module._extensions..js (module.js:474:10)
undefined

/Users/dongcai/Desktop/BallSirProject/BallSirApiSer/NodeForBallSir/ballSirSay.js:14
mongodb.init(config[process.env['NODE_ENV']], function(err, result) {
             ^
ReferenceError: config is not defined
    at Object.<anonymous> (/Users/dongcai/Desktop/BallSirProject/BallSirApiSer/NodeForBallSir/ballSirSay.js:14:14)
    at Module._compile (module.js:456:26)
    at Object.Module._extensions..js (module.js:474:10)
    at Module.load (module.js:356:32)
    at Function.Module._load (module.js:312:12)
    at Function.Module.runMain (module.js:497:10)
    at startup (node.js:119:16)
    at node.js:906:3
undefined

/Users/dongcai/Desktop/BallSirProject/BallSirApiSer/NodeForBallSir/ballSirSay.js:14
mongodb.init(config[process.env['NODE_ENV']], function(err, result) {
             ^
ReferenceError: config is not defined
    at Object.<anonymous> (/Users/dongcai/Desktop/BallSirProject/BallSirApiSer/NodeForBallSir/ballSirSay.js:14:14)
    at Module._compile (module.js:456:26)
    at Object.Module._extensions..js (module.js:474:10)
    at Module.load (module.js:356:32)
    at Function.Module._load (module.js:312:12)
    at Function.Module.runMain (module.js:497:10)
    at startup (node.js:119:16)
    at node.js:906:3
undefined

/Users/dongcai/Desktop/BallSirProject/BallSirApiSer/NodeForBallSir/dao/mongodb.js:37
    domain = _arg.domain, port = _arg.port, poolSize = _arg.poolSize, user = _
                 ^
TypeError: Cannot read property 'domain' of undefined
    at Object.module.exports.init (/Users/dongcai/Desktop/BallSirProject/BallSirApiSer/NodeForBallSir/dao/mongodb.js:37:18)
    at Object.<anonymous> (/Users/dongcai/Desktop/BallSirProject/BallSirApiSer/NodeForBallSir/ballSirSay.js:15:9)
    at Module._compile (module.js:456:26)
    at Object.Module._extensions..js (module.js:474:10)
    at Module.load (module.js:356:32)
    at Function.Module._load (module.js:312:12)
    at Function.Module.runMain (module.js:497:10)
    at startup (node.js:119:16)
    at node.js:906:3


/Users/dongcai/Desktop/BallSirProject/BallSirApiSer/NodeForBallSir/dao/mongodb.js:37
    domain = _arg.domain, port = _arg.port, poolSize = _arg.poolSize, user = _
                 ^
TypeError: Cannot read property 'domain' of undefined
    at Object.module.exports.init (/Users/dongcai/Desktop/BallSirProject/BallSirApiSer/NodeForBallSir/dao/mongodb.js:37:18)
    at Object.<anonymous> (/Users/dongcai/Desktop/BallSirProject/BallSirApiSer/NodeForBallSir/ballSirSay.js:15:9)
    at Module._compile (module.js:456:26)
    at Object.Module._extensions..js (module.js:474:10)
    at Module.load (module.js:356:32)
    at Function.Module._load (module.js:312:12)
    at Function.Module.runMain (module.js:497:10)
    at startup (node.js:119:16)
    at node.js:906:3


/Users/dongcai/Desktop/BallSirProject/BallSirApiSer/NodeForBallSir/dao/mongodb.js:37
    domain = _arg.domain, port = _arg.port, poolSize = _arg.poolSize, user = _
                 ^
TypeError: Cannot read property 'domain' of undefined
    at Object.module.exports.init (/Users/dongcai/Desktop/BallSirProject/BallSirApiSer/NodeForBallSir/dao/mongodb.js:37:18)
    at Object.<anonymous> (/Users/dongcai/Desktop/BallSirProject/BallSirApiSer/NodeForBallSir/ballSirSay.js:15:9)
    at Module._compile (module.js:456:26)
    at Object.Module._extensions..js (module.js:474:10)
    at Module.load (module.js:356:32)
    at Function.Module._load (module.js:312:12)
    at Function.Module.runMain (module.js:497:10)
    at startup (node.js:119:16)
    at node.js:906:3
